<?xml version="1.0" encoding="UTF-8"?>
<!-- Generated by org.testng.reporters.JUnitReportReporter -->
<testsuite hostname="PREETISH" name="com.Project.preetish.Apptest" tests="2" failures="0" timestamp="2 Nov 2016 18:02:00 GMT" time="37.937" errors="0">
  <testcase name="Content_Test" time="35.567" classname="com.Project.preetish.Apptest"/>
  <testcase name="AdminLogin" time="2.370" classname="com.Project.preetish.Apptest"/>
</testsuite> <!-- com.Project.preetish.Apptest -->
